running egg_info
writing build/rviz_marker/rviz_marker.egg-info/PKG-INFO
writing dependency_links to build/rviz_marker/rviz_marker.egg-info/dependency_links.txt
writing entry points to build/rviz_marker/rviz_marker.egg-info/entry_points.txt
writing requirements to build/rviz_marker/rviz_marker.egg-info/requires.txt
writing top-level names to build/rviz_marker/rviz_marker.egg-info/top_level.txt
reading manifest file 'build/rviz_marker/rviz_marker.egg-info/SOURCES.txt'
writing manifest file 'build/rviz_marker/rviz_marker.egg-info/SOURCES.txt'
running build
running build_py
copying rviz_marker/rviz_test2.py -> /home/ludofw/ROS2_workspaces/sandbox/rviz_marker/build/rviz_marker/build/lib/rviz_marker
copying rviz_marker/__init__.py -> /home/ludofw/ROS2_workspaces/sandbox/rviz_marker/build/rviz_marker/build/lib/rviz_marker
copying rviz_marker/rviz_marker_tuto.py -> /home/ludofw/ROS2_workspaces/sandbox/rviz_marker/build/rviz_marker/build/lib/rviz_marker
running install
running install_lib
copying /home/ludofw/ROS2_workspaces/sandbox/rviz_marker/build/rviz_marker/build/lib/rviz_marker/rviz_test2.py -> /home/ludofw/ROS2_workspaces/sandbox/rviz_marker/install/rviz_marker/lib/python3.10/site-packages/rviz_marker
copying /home/ludofw/ROS2_workspaces/sandbox/rviz_marker/build/rviz_marker/build/lib/rviz_marker/rviz_marker_tuto.py -> /home/ludofw/ROS2_workspaces/sandbox/rviz_marker/install/rviz_marker/lib/python3.10/site-packages/rviz_marker
byte-compiling /home/ludofw/ROS2_workspaces/sandbox/rviz_marker/install/rviz_marker/lib/python3.10/site-packages/rviz_marker/rviz_test2.py to rviz_test2.cpython-310.pyc
byte-compiling /home/ludofw/ROS2_workspaces/sandbox/rviz_marker/install/rviz_marker/lib/python3.10/site-packages/rviz_marker/rviz_marker_tuto.py to rviz_marker_tuto.cpython-310.pyc
running install_data
copying resource/rviz_marker -> /home/ludofw/ROS2_workspaces/sandbox/rviz_marker/install/rviz_marker/share/ament_index/resource_index/packages
copying package.xml -> /home/ludofw/ROS2_workspaces/sandbox/rviz_marker/install/rviz_marker/share/rviz_marker
running install_egg_info
removing '/home/ludofw/ROS2_workspaces/sandbox/rviz_marker/install/rviz_marker/lib/python3.10/site-packages/rviz_marker-0.0.0-py3.10.egg-info' (and everything under it)
Copying build/rviz_marker/rviz_marker.egg-info to /home/ludofw/ROS2_workspaces/sandbox/rviz_marker/install/rviz_marker/lib/python3.10/site-packages/rviz_marker-0.0.0-py3.10.egg-info
running install_scripts
Installing rvizmarker script to /home/ludofw/ROS2_workspaces/sandbox/rviz_marker/install/rviz_marker/lib/rviz_marker
writing list of installed files to '/home/ludofw/ROS2_workspaces/sandbox/rviz_marker/build/rviz_marker/install.log'
