[0.066s] DEBUG:colcon:Command line arguments: ['/usr/bin/colcon', 'build']
[0.066s] DEBUG:colcon:Parsed command line arguments: Namespace(log_base=None, log_level=None, verb_name='build', build_base='build', install_base='install', merge_install=False, symlink_install=False, test_result_base=None, continue_on_error=False, executor='parallel', parallel_workers=16, event_handlers=None, ignore_user_meta=False, metas=['./colcon.meta'], base_paths=['.'], packages_ignore=None, packages_ignore_regex=None, paths=None, packages_up_to=None, packages_up_to_regex=None, packages_above=None, packages_above_and_dependencies=None, packages_above_depth=None, packages_select_by_dep=None, packages_skip_by_dep=None, packages_skip_up_to=None, packages_select_build_failed=False, packages_skip_build_finished=False, packages_select_test_failures=False, packages_skip_test_passed=False, packages_select=None, packages_skip=None, packages_select_regex=None, packages_skip_regex=None, packages_start=None, packages_end=None, allow_overriding=[], cmake_args=None, cmake_target=None, cmake_target_skip_unavailable=False, cmake_clean_cache=False, cmake_clean_first=False, cmake_force_configure=False, ament_cmake_args=None, catkin_cmake_args=None, catkin_skip_building_tests=False, mixin_files=None, mixin=None, verb_parser=<colcon_mixin.mixin.mixin_argument.MixinArgumentDecorator object at 0x7e1b72291ff0>, verb_extension=<colcon_core.verb.build.BuildVerb object at 0x7e1b722915d0>, main=<bound method BuildVerb.main of <colcon_core.verb.build.BuildVerb object at 0x7e1b722915d0>>, mixin_verb=('build',))
[0.089s] Level 1:colcon.colcon_core.package_discovery:discover_packages(colcon_meta) check parameters
[0.089s] Level 1:colcon.colcon_core.package_discovery:discover_packages(recursive) check parameters
[0.089s] Level 1:colcon.colcon_core.package_discovery:discover_packages(ignore) check parameters
[0.089s] Level 1:colcon.colcon_core.package_discovery:discover_packages(path) check parameters
[0.089s] Level 1:colcon.colcon_core.package_discovery:discover_packages(colcon_meta) discover
[0.089s] Level 1:colcon.colcon_core.package_discovery:discover_packages(recursive) discover
[0.089s] INFO:colcon.colcon_core.package_discovery:Crawling recursively for packages in '/home/ludofw/ROS2_workspaces/sandbox/rviz_marker'
[0.089s] Level 1:colcon.colcon_core.package_identification:_identify(.) by extensions ['ignore', 'ignore_ament_install']
[0.089s] Level 1:colcon.colcon_core.package_identification:_identify(.) by extension 'ignore'
[0.089s] Level 1:colcon.colcon_core.package_identification:_identify(.) by extension 'ignore_ament_install'
[0.089s] Level 1:colcon.colcon_core.package_identification:_identify(.) by extensions ['colcon_pkg']
[0.089s] Level 1:colcon.colcon_core.package_identification:_identify(.) by extension 'colcon_pkg'
[0.089s] Level 1:colcon.colcon_core.package_identification:_identify(.) by extensions ['colcon_meta']
[0.089s] Level 1:colcon.colcon_core.package_identification:_identify(.) by extension 'colcon_meta'
[0.089s] Level 1:colcon.colcon_core.package_identification:_identify(.) by extensions ['ros']
[0.089s] Level 1:colcon.colcon_core.package_identification:_identify(.) by extension 'ros'
[0.100s] DEBUG:colcon.colcon_core.package_identification:Package '.' with type 'ros.ament_python' and name 'rviz_marker'
[0.100s] Level 1:colcon.colcon_core.package_discovery:discover_packages(recursive) using defaults
[0.100s] Level 1:colcon.colcon_core.package_discovery:discover_packages(ignore) discover
[0.100s] Level 1:colcon.colcon_core.package_discovery:discover_packages(ignore) using defaults
[0.100s] Level 1:colcon.colcon_core.package_discovery:discover_packages(path) discover
[0.100s] Level 1:colcon.colcon_core.package_discovery:discover_packages(path) using defaults
[0.112s] Level 1:colcon.colcon_core.package_discovery:discover_packages(prefix_path) check parameters
[0.112s] Level 1:colcon.colcon_core.package_discovery:discover_packages(prefix_path) discover
[0.113s] DEBUG:colcon.colcon_installed_package_information.package_discovery:Found 1 installed packages in /home/ludofw/ROS2_workspaces/sandbox/rviz_marker/install
[0.113s] DEBUG:colcon.colcon_installed_package_information.package_discovery:Found 1 installed packages in /home/ludofw/ROS2_workspaces/sandbox/install
[0.114s] DEBUG:colcon.colcon_installed_package_information.package_discovery:Found 450 installed packages in /opt/ros/humble
[0.115s] Level 1:colcon.colcon_core.package_discovery:discover_packages(prefix_path) using defaults
[0.143s] Level 5:colcon.colcon_core.verb:set package 'rviz_marker' build argument 'cmake_args' from command line to 'None'
[0.143s] Level 5:colcon.colcon_core.verb:set package 'rviz_marker' build argument 'cmake_target' from command line to 'None'
[0.143s] Level 5:colcon.colcon_core.verb:set package 'rviz_marker' build argument 'cmake_target_skip_unavailable' from command line to 'False'
[0.143s] Level 5:colcon.colcon_core.verb:set package 'rviz_marker' build argument 'cmake_clean_cache' from command line to 'False'
[0.143s] Level 5:colcon.colcon_core.verb:set package 'rviz_marker' build argument 'cmake_clean_first' from command line to 'False'
[0.143s] Level 5:colcon.colcon_core.verb:set package 'rviz_marker' build argument 'cmake_force_configure' from command line to 'False'
[0.143s] Level 5:colcon.colcon_core.verb:set package 'rviz_marker' build argument 'ament_cmake_args' from command line to 'None'
[0.143s] Level 5:colcon.colcon_core.verb:set package 'rviz_marker' build argument 'catkin_cmake_args' from command line to 'None'
[0.143s] Level 5:colcon.colcon_core.verb:set package 'rviz_marker' build argument 'catkin_skip_building_tests' from command line to 'False'
[0.143s] DEBUG:colcon.colcon_core.verb:Building package 'rviz_marker' with the following arguments: {'ament_cmake_args': None, 'build_base': '/home/ludofw/ROS2_workspaces/sandbox/rviz_marker/build/rviz_marker', 'catkin_cmake_args': None, 'catkin_skip_building_tests': False, 'cmake_args': None, 'cmake_clean_cache': False, 'cmake_clean_first': False, 'cmake_force_configure': False, 'cmake_target': None, 'cmake_target_skip_unavailable': False, 'install_base': '/home/ludofw/ROS2_workspaces/sandbox/rviz_marker/install/rviz_marker', 'merge_install': False, 'path': '/home/ludofw/ROS2_workspaces/sandbox/rviz_marker', 'symlink_install': False, 'test_result_base': None}
[0.143s] INFO:colcon.colcon_core.executor:Executing jobs using 'parallel' executor
[0.144s] DEBUG:colcon.colcon_parallel_executor.executor.parallel:run_until_complete
[0.144s] INFO:colcon.colcon_ros.task.ament_python.build:Building ROS package in '/home/ludofw/ROS2_workspaces/sandbox/rviz_marker' with build type 'ament_python'
[0.144s] Level 1:colcon.colcon_core.shell:create_environment_hook('rviz_marker', 'ament_prefix_path')
[0.145s] INFO:colcon.colcon_core.plugin_system:Skipping extension 'colcon_core.shell.bat': Not used on non-Windows systems
[0.145s] INFO:colcon.colcon_core.shell:Creating environment hook '/home/ludofw/ROS2_workspaces/sandbox/rviz_marker/install/rviz_marker/share/rviz_marker/hook/ament_prefix_path.ps1'
[0.146s] INFO:colcon.colcon_core.shell:Creating environment descriptor '/home/ludofw/ROS2_workspaces/sandbox/rviz_marker/install/rviz_marker/share/rviz_marker/hook/ament_prefix_path.dsv'
[0.146s] INFO:colcon.colcon_core.shell:Creating environment hook '/home/ludofw/ROS2_workspaces/sandbox/rviz_marker/install/rviz_marker/share/rviz_marker/hook/ament_prefix_path.sh'
[0.146s] INFO:colcon.colcon_core.shell:Skip shell extension 'powershell' for command environment: Not usable outside of PowerShell
[0.146s] DEBUG:colcon.colcon_core.shell:Skip shell extension 'dsv' for command environment
[0.291s] INFO:colcon.colcon_core.task.python.build:Building Python package in '/home/ludofw/ROS2_workspaces/sandbox/rviz_marker'
[0.291s] INFO:colcon.colcon_core.shell:Skip shell extension 'powershell' for command environment: Not usable outside of PowerShell
[0.291s] DEBUG:colcon.colcon_core.shell:Skip shell extension 'dsv' for command environment
[0.659s] DEBUG:colcon.colcon_core.event_handler.log_command:Invoking command in '/home/ludofw/ROS2_workspaces/sandbox/rviz_marker': PS1=$(__virtualenv_ps1) gonze:\[\e[42m\]\W/\[\e[0m\] \[\e[91m\]$(parse_git_branch) \[\e[00m\]$ PYTHONPATH=/home/ludofw/ROS2_workspaces/sandbox/rviz_marker/build/rviz_marker/prefix_override:/usr/lib/python3/dist-packages/colcon_core/task/python/colcon_distutils_commands:/home/ludofw/ROS2_workspaces/sandbox/rviz_marker/install/rviz_marker/lib/python3.10/site-packages:${PYTHONPATH} /usr/bin/python3 -W ignore:setup.py install is deprecated setup.py egg_info --egg-base build/rviz_marker build --build-base /home/ludofw/ROS2_workspaces/sandbox/rviz_marker/build/rviz_marker/build install --record /home/ludofw/ROS2_workspaces/sandbox/rviz_marker/build/rviz_marker/install.log --single-version-externally-managed install_data
[0.975s] DEBUG:colcon.colcon_core.event_handler.log_command:Invoked command in '/home/ludofw/ROS2_workspaces/sandbox/rviz_marker' returned '0': PS1=$(__virtualenv_ps1) gonze:\[\e[42m\]\W/\[\e[0m\] \[\e[91m\]$(parse_git_branch) \[\e[00m\]$ PYTHONPATH=/home/ludofw/ROS2_workspaces/sandbox/rviz_marker/build/rviz_marker/prefix_override:/usr/lib/python3/dist-packages/colcon_core/task/python/colcon_distutils_commands:/home/ludofw/ROS2_workspaces/sandbox/rviz_marker/install/rviz_marker/lib/python3.10/site-packages:${PYTHONPATH} /usr/bin/python3 -W ignore:setup.py install is deprecated setup.py egg_info --egg-base build/rviz_marker build --build-base /home/ludofw/ROS2_workspaces/sandbox/rviz_marker/build/rviz_marker/build install --record /home/ludofw/ROS2_workspaces/sandbox/rviz_marker/build/rviz_marker/install.log --single-version-externally-managed install_data
[0.977s] Level 1:colcon.colcon_core.environment:checking '/home/ludofw/ROS2_workspaces/sandbox/rviz_marker/install/rviz_marker' for CMake module files
[0.977s] Level 1:colcon.colcon_core.environment:checking '/home/ludofw/ROS2_workspaces/sandbox/rviz_marker/install/rviz_marker' for CMake config files
[0.977s] Level 1:colcon.colcon_core.environment:checking '/home/ludofw/ROS2_workspaces/sandbox/rviz_marker/install/rviz_marker/lib'
[0.977s] Level 1:colcon.colcon_core.environment:checking '/home/ludofw/ROS2_workspaces/sandbox/rviz_marker/install/rviz_marker/bin'
[0.978s] Level 1:colcon.colcon_core.environment:checking '/home/ludofw/ROS2_workspaces/sandbox/rviz_marker/install/rviz_marker/lib/pkgconfig/rviz_marker.pc'
[0.978s] Level 1:colcon.colcon_core.environment:checking '/home/ludofw/ROS2_workspaces/sandbox/rviz_marker/install/rviz_marker/lib/python3.10/site-packages'
[0.978s] Level 1:colcon.colcon_core.shell:create_environment_hook('rviz_marker', 'pythonpath')
[0.978s] INFO:colcon.colcon_core.shell:Creating environment hook '/home/ludofw/ROS2_workspaces/sandbox/rviz_marker/install/rviz_marker/share/rviz_marker/hook/pythonpath.ps1'
[0.978s] INFO:colcon.colcon_core.shell:Creating environment descriptor '/home/ludofw/ROS2_workspaces/sandbox/rviz_marker/install/rviz_marker/share/rviz_marker/hook/pythonpath.dsv'
[0.978s] INFO:colcon.colcon_core.shell:Creating environment hook '/home/ludofw/ROS2_workspaces/sandbox/rviz_marker/install/rviz_marker/share/rviz_marker/hook/pythonpath.sh'
[0.979s] Level 1:colcon.colcon_core.environment:checking '/home/ludofw/ROS2_workspaces/sandbox/rviz_marker/install/rviz_marker/bin'
[0.979s] Level 1:colcon.colcon_core.environment:create_environment_scripts_only(rviz_marker)
[0.979s] INFO:colcon.colcon_core.shell:Creating package script '/home/ludofw/ROS2_workspaces/sandbox/rviz_marker/install/rviz_marker/share/rviz_marker/package.ps1'
[0.979s] INFO:colcon.colcon_core.shell:Creating package descriptor '/home/ludofw/ROS2_workspaces/sandbox/rviz_marker/install/rviz_marker/share/rviz_marker/package.dsv'
[0.980s] INFO:colcon.colcon_core.shell:Creating package script '/home/ludofw/ROS2_workspaces/sandbox/rviz_marker/install/rviz_marker/share/rviz_marker/package.sh'
[0.980s] INFO:colcon.colcon_core.shell:Creating package script '/home/ludofw/ROS2_workspaces/sandbox/rviz_marker/install/rviz_marker/share/rviz_marker/package.bash'
[0.980s] INFO:colcon.colcon_core.shell:Creating package script '/home/ludofw/ROS2_workspaces/sandbox/rviz_marker/install/rviz_marker/share/rviz_marker/package.zsh'
[0.988s] Level 1:colcon.colcon_core.environment:create_file_with_runtime_dependencies(/home/ludofw/ROS2_workspaces/sandbox/rviz_marker/install/rviz_marker/share/colcon-core/packages/rviz_marker)
[0.988s] DEBUG:colcon.colcon_parallel_executor.executor.parallel:closing loop
[0.988s] DEBUG:colcon.colcon_parallel_executor.executor.parallel:loop closed
[0.988s] DEBUG:colcon.colcon_parallel_executor.executor.parallel:run_until_complete finished with '0'
[0.988s] DEBUG:colcon.colcon_core.event_reactor:joining thread
[0.992s] INFO:colcon.colcon_core.plugin_system:Skipping extension 'colcon_notification.desktop_notification.notify_send': Could not find 'notify-send'
[0.992s] INFO:colcon.colcon_core.plugin_system:Skipping extension 'colcon_notification.desktop_notification.terminal_notifier': Not used on non-Darwin systems
[0.992s] INFO:colcon.colcon_core.plugin_system:Skipping extension 'colcon_notification.desktop_notification.win32': Not used on non-Windows systems
[0.992s] INFO:colcon.colcon_notification.desktop_notification:Sending desktop notification using 'notify2'
[1.000s] DEBUG:colcon.colcon_core.event_reactor:joined thread
[1.000s] INFO:colcon.colcon_core.shell:Creating prefix script '/home/ludofw/ROS2_workspaces/sandbox/rviz_marker/install/local_setup.ps1'
[1.000s] INFO:colcon.colcon_core.shell:Creating prefix util module '/home/ludofw/ROS2_workspaces/sandbox/rviz_marker/install/_local_setup_util_ps1.py'
[1.001s] INFO:colcon.colcon_core.shell:Creating prefix chain script '/home/ludofw/ROS2_workspaces/sandbox/rviz_marker/install/setup.ps1'
[1.002s] INFO:colcon.colcon_core.shell:Creating prefix script '/home/ludofw/ROS2_workspaces/sandbox/rviz_marker/install/local_setup.sh'
[1.002s] INFO:colcon.colcon_core.shell:Creating prefix util module '/home/ludofw/ROS2_workspaces/sandbox/rviz_marker/install/_local_setup_util_sh.py'
[1.002s] INFO:colcon.colcon_core.shell:Creating prefix chain script '/home/ludofw/ROS2_workspaces/sandbox/rviz_marker/install/setup.sh'
[1.003s] INFO:colcon.colcon_core.shell:Creating prefix script '/home/ludofw/ROS2_workspaces/sandbox/rviz_marker/install/local_setup.bash'
[1.003s] INFO:colcon.colcon_core.shell:Creating prefix chain script '/home/ludofw/ROS2_workspaces/sandbox/rviz_marker/install/setup.bash'
[1.004s] INFO:colcon.colcon_core.shell:Creating prefix script '/home/ludofw/ROS2_workspaces/sandbox/rviz_marker/install/local_setup.zsh'
[1.004s] INFO:colcon.colcon_core.shell:Creating prefix chain script '/home/ludofw/ROS2_workspaces/sandbox/rviz_marker/install/setup.zsh'
